  GEN     ./Makefile
scripts/kconfig/conf  --silentoldconfig Kconfig
  CHK     include/config/kernel.release
  GEN     ./Makefile
  CHK     include/generated/uapi/linux/version.h
  CHK     include/generated/utsrelease.h
  Using .. as source for kernel
  CHK     scripts/mod/devicetable-offsets.h
  CHK     include/generated/timeconst.h
  CHK     include/generated/bounds.h
  CHK     include/generated/asm-offsets.h
  CALL    ../scripts/checksyscalls.sh
  CHK     include/generated/compile.h
  CC      fs/open.o
  CC      fs/read_write.o
  CC      fs/stat.o
  GZIP    kernel/config_data.gz
  CHK     kernel/config_data.h
  UPD     kernel/config_data.h
  CC      kernel/configs.o
  CC      fs/exec.o
  LD      kernel/built-in.o
  CC      drivers/input/input.o
  LD      fs/built-in.o
  DTC     arch/arm64/boot/dts/qcom/msm8953-qrd-sku3-m1721.dtb
  LD      drivers/input/input-core.o
  LD      drivers/input/built-in.o
  LD      drivers/built-in.o
  GEN     .version
  LD      vmlinux.o
  MODPOST vmlinux.o
WARNING: modpost: Found 2 section mismatch(es).
To see full details build your kernel with:
'make CONFIG_DEBUG_SECTION_MISMATCH=y'
  CHK     include/generated/compile.h
  UPD     include/generated/compile.h
  CC      init/version.o
  LD      init/built-in.o
  KSYM    .tmp_kallsyms1.o
  KSYM    .tmp_kallsyms2.o
  LD      vmlinux
  SORTEX  vmlinux
  SYSMAP  System.map
  OBJCOPY arch/arm64/boot/Image
  DTC     arch/arm64/boot/dts/qcom/msm8953-qrd-sku3-m1721.dtb
  GZIP    arch/arm64/boot/Image.gz
  Building modules, stage 2.
  MODPOST 0 modules
  CAT     arch/arm64/boot/Image.gz-dtb
