make[1]: 进入目录“/root/K-Nel-M1721/out”
  GEN     ./Makefile
scripts/kconfig/conf  --silentoldconfig Kconfig
  CHK     include/config/kernel.release
  GEN     ./Makefile
  CHK     include/generated/uapi/linux/version.h
  HOSTCC  scripts/dtc/dtc.o
  HOSTCC  scripts/genksyms/genksyms.o
  HOSTCC  scripts/genksyms/parse.tab.o
  HOSTCC  scripts/mod/mk_elfconfig
  HOSTCC  scripts/dtc/flattree.o
  CHK     scripts/mod/devicetable-offsets.h
  MKELF   scripts/mod/elfconfig.h
  HOSTCC  scripts/mod/modpost.o
  HOSTCC  scripts/genksyms/lex.lex.o
  HOSTCC  scripts/mod/file2alias.o
-- KernelSU version: 11563
-- KernelSU Manager signature size: 0x033b
-- KernelSU Manager signature hash: c371061b19d8c7d7d6133c6a9bafe198fa944e50c1b31c9d8daa8d7f1fc2d2d6
  HOSTCC  scripts/dtc/fstree.o
  HOSTCC  scripts/dtc/data.o
  HOSTCC  scripts/mod/sumversion.o
  HOSTLD  scripts/genksyms/genksyms
  HOSTCC  scripts/dtc/livetree.o
  HOSTCC  scripts/selinux/genheaders/genheaders
  HOSTCC  scripts/dtc/treesource.o
  HOSTLD  scripts/mod/modpost
  HOSTCC  scripts/kallsyms
  HOSTCC  scripts/selinux/mdp/mdp
  HOSTCC  scripts/dtc/srcpos.o
  HOSTCC  scripts/sortextable
  HOSTCC  scripts/dtc/checks.o
  HOSTCC  scripts/asn1_compiler
  HOSTCC  scripts/sign-file
../scripts/sign-file.c: In function ‘display_openssl_errors’:
../scripts/sign-file.c:87:9: warning: ‘ERR_get_error_line’ is deprecated: Since OpenSSL 3.0 [-Wdeprecated-declarations]
   87 |         while ((e = ERR_get_error_line(&file, &line))) {
      |         ^~~~~
In file included from ../scripts/sign-file.c:29:
/usr/include/openssl/err.h:411:15: note: declared here
  411 | unsigned long ERR_get_error_line(const char **file, int *line);
      |               ^~~~~~~~~~~~~~~~~~
../scripts/sign-file.c: In function ‘drain_openssl_errors’:
../scripts/sign-file.c:100:9: warning: ‘ERR_get_error_line’ is deprecated: Since OpenSSL 3.0 [-Wdeprecated-declarations]
  100 |         while (ERR_get_error_line(&file, &line)) {}
      |         ^~~~~
In file included from ../scripts/sign-file.c:29:
/usr/include/openssl/err.h:411:15: note: declared here
  411 | unsigned long ERR_get_error_line(const char **file, int *line);
      |               ^~~~~~~~~~~~~~~~~~
../scripts/sign-file.c: In function ‘read_private_key’:
../scripts/sign-file.c:140:17: warning: ‘ENGINE_load_builtin_engines’ is deprecated: Since OpenSSL 3.0 [-Wdeprecated-declarations]
  140 |                 ENGINE_load_builtin_engines();
      |                 ^~~~~~~~~~~~~~~~~~~~~~~~~~~
In file included from ../scripts/sign-file.c:30:
/usr/include/openssl/engine.h:358:28: note: declared here
  358 | OSSL_DEPRECATEDIN_3_0 void ENGINE_load_builtin_engines(void);
      |                            ^~~~~~~~~~~~~~~~~~~~~~~~~~~
../scripts/sign-file.c:142:17: warning: ‘ENGINE_by_id’ is deprecated: Since OpenSSL 3.0 [-Wdeprecated-declarations]
  142 |                 e = ENGINE_by_id("pkcs11");
      |                 ^
In file included from ../scripts/sign-file.c:30:
/usr/include/openssl/engine.h:336:31: note: declared here
  336 | OSSL_DEPRECATEDIN_3_0 ENGINE *ENGINE_by_id(const char *id);
      |                               ^~~~~~~~~~~~
../scripts/sign-file.c:144:17: warning: ‘ENGINE_init’ is deprecated: Since OpenSSL 3.0 [-Wdeprecated-declarations]
  144 |                 if (ENGINE_init(e))
      |                 ^~
In file included from ../scripts/sign-file.c:30:
/usr/include/openssl/engine.h:620:27: note: declared here
  620 | OSSL_DEPRECATEDIN_3_0 int ENGINE_init(ENGINE *e);
      |                           ^~~~~~~~~~~
../scripts/sign-file.c:149:25: warning: ‘ENGINE_ctrl_cmd_string’ is deprecated: Since OpenSSL 3.0 [-Wdeprecated-declarations]
  149 |                         ERR(!ENGINE_ctrl_cmd_string(e, "PIN", key_pass, 0),
      |                         ^~~
In file included from ../scripts/sign-file.c:30:
/usr/include/openssl/engine.h:479:5: note: declared here
  479 | int ENGINE_ctrl_cmd_string(ENGINE *e, const char *cmd_name, const char *arg,
      |     ^~~~~~~~~~~~~~~~~~~~~~
../scripts/sign-file.c:151:17: warning: ‘ENGINE_load_private_key’ is deprecated: Since OpenSSL 3.0 [-Wdeprecated-declarations]
  151 |                 private_key = ENGINE_load_private_key(e, private_key_name,
      |                 ^~~~~~~~~~~
In file included from ../scripts/sign-file.c:30:
/usr/include/openssl/engine.h:638:11: note: declared here
  638 | EVP_PKEY *ENGINE_load_private_key(ENGINE *e, const char *key_id,
      |           ^~~~~~~~~~~~~~~~~~~~~~~
  HOSTCC  scripts/extract-cert
../scripts/extract-cert.c: In function ‘display_openssl_errors’:
../scripts/extract-cert.c:46:9: warning: ‘ERR_get_error_line’ is deprecated: Since OpenSSL 3.0 [-Wdeprecated-declarations]
   46 |         while ((e = ERR_get_error_line(&file, &line))) {
      |         ^~~~~
In file included from ../scripts/extract-cert.c:23:
/usr/include/openssl/err.h:411:15: note: declared here
  411 | unsigned long ERR_get_error_line(const char **file, int *line);
      |               ^~~~~~~~~~~~~~~~~~
../scripts/extract-cert.c: In function ‘drain_openssl_errors’:
../scripts/extract-cert.c:59:9: warning: ‘ERR_get_error_line’ is deprecated: Since OpenSSL 3.0 [-Wdeprecated-declarations]
   59 |         while (ERR_get_error_line(&file, &line)) {}
      |         ^~~~~
In file included from ../scripts/extract-cert.c:23:
/usr/include/openssl/err.h:411:15: note: declared here
  411 | unsigned long ERR_get_error_line(const char **file, int *line);
      |               ^~~~~~~~~~~~~~~~~~
../scripts/extract-cert.c: In function ‘main’:
../scripts/extract-cert.c:124:17: warning: ‘ENGINE_load_builtin_engines’ is deprecated: Since OpenSSL 3.0 [-Wdeprecated-declarations]
  124 |                 ENGINE_load_builtin_engines();
      |                 ^~~~~~~~~~~~~~~~~~~~~~~~~~~
In file included from ../scripts/extract-cert.c:24:
/usr/include/openssl/engine.h:358:28: note: declared here
  358 | OSSL_DEPRECATEDIN_3_0 void ENGINE_load_builtin_engines(void);
      |                            ^~~~~~~~~~~~~~~~~~~~~~~~~~~
../scripts/extract-cert.c:126:17: warning: ‘ENGINE_by_id’ is deprecated: Since OpenSSL 3.0 [-Wdeprecated-declarations]
  126 |                 e = ENGINE_by_id("pkcs11");
      |                 ^
In file included from ../scripts/extract-cert.c:24:
/usr/include/openssl/engine.h:336:31: note: declared here
  336 | OSSL_DEPRECATEDIN_3_0 ENGINE *ENGINE_by_id(const char *id);
      |                               ^~~~~~~~~~~~
../scripts/extract-cert.c:128:17: warning: ‘ENGINE_init’ is deprecated: Since OpenSSL 3.0 [-Wdeprecated-declarations]
  128 |                 if (ENGINE_init(e))
      |                 ^~
In file included from ../scripts/extract-cert.c:24:
/usr/include/openssl/engine.h:620:27: note: declared here
  620 | OSSL_DEPRECATEDIN_3_0 int ENGINE_init(ENGINE *e);
      |                           ^~~~~~~~~~~
../scripts/extract-cert.c:133:25: warning: ‘ENGINE_ctrl_cmd_string’ is deprecated: Since OpenSSL 3.0 [-Wdeprecated-declarations]
  133 |                         ERR(!ENGINE_ctrl_cmd_string(e, "PIN", key_pass, 0), "Set PKCS#11 PIN");
      |                         ^~~
In file included from ../scripts/extract-cert.c:24:
/usr/include/openssl/engine.h:479:5: note: declared here
  479 | int ENGINE_ctrl_cmd_string(ENGINE *e, const char *cmd_name, const char *arg,
      |     ^~~~~~~~~~~~~~~~~~~~~~
../scripts/extract-cert.c:134:17: warning: ‘ENGINE_ctrl_cmd’ is deprecated: Since OpenSSL 3.0 [-Wdeprecated-declarations]
  134 |                 ENGINE_ctrl_cmd(e, "LOAD_CERT_CTRL", 0, &parms, NULL, 1);
      |                 ^~~~~~~~~~~~~~~
In file included from ../scripts/extract-cert.c:24:
/usr/include/openssl/engine.h:450:27: note: declared here
  450 | OSSL_DEPRECATEDIN_3_0 int ENGINE_ctrl_cmd(ENGINE *e, const char *cmd_name,
      |                           ^~~~~~~~~~~~~~~
  HOSTCC  scripts/dtc/util.o
  HOSTCC  scripts/dtc/dtc-lexer.lex.o
  HOSTCC  scripts/dtc/dtc-parser.tab.o
  HOSTLD  scripts/dtc/dtc
  UPD     include/config/kernel.release
  Using .. as source for kernel
  CHK     include/generated/utsrelease.h
  UPD     include/generated/utsrelease.h
  CHK     include/generated/timeconst.h
  CHK     include/generated/bounds.h
  CHK     include/generated/asm-offsets.h
  CALL    ../scripts/checksyscalls.sh
  HOSTCC  arch/arm64/kernel/vdso32/../../../arm/vdso/vdsomunge
  MUNGE   arch/arm64/kernel/vdso32/vdso.so.dbg
  VDSOSYM include/generated/vdso32-offsets.h
  HOSTCC  usr/gen_init_cpio
  CHK     include/generated/compile.h
  CC      init/version.o
  CC      arch/arm64/kernel/signal.o
  GEN     usr/initramfs_data.cpio.gz
  AS      usr/initramfs_data.o
  EXTRACT_CERTS   
  EXTRACT_CERTS   certs/signing_key.pem
  AS      certs/system_certificates.o
  LD      usr/built-in.o
  LD      certs/built-in.o
  LD      init/built-in.o
  CC      kernel/sys.o
  CC      arch/arm64/kernel/vdso.o
  ASN.1   crypto/rsapubkey-asn1.c
  ASN.1   crypto/rsaprivkey-asn1.c
  CC      crypto/rsa_helper.o
  ASN.1   crypto/asymmetric_keys/x509-asn1.c
  ASN.1   crypto/asymmetric_keys/x509_akid-asn1.c
  ASN.1   crypto/asymmetric_keys/pkcs7-asn1.c
  CC      crypto/asymmetric_keys/x509-asn1.o
  CC      drivers/base/firmware_class.o
  CC      crypto/asymmetric_keys/x509_akid-asn1.o
  CC      crypto/asymmetric_keys/x509_cert_parser.o
  CC      arch/arm64/kernel/signal32.o
  CC      crypto/asymmetric_keys/pkcs7-asn1.o
  CC      crypto/asymmetric_keys/pkcs7_parser.o
  LD      drivers/base/built-in.o
  LD      drivers/block/built-in.o
  LD      crypto/asymmetric_keys/x509_key_parser.o
  LD      crypto/asymmetric_keys/pkcs7_message.o
  LD      crypto/asymmetric_keys/built-in.o
  CC      crypto/rsapubkey-asn1.o
  CC      crypto/rsaprivkey-asn1.o
  LD      crypto/rsa_generic.o
  LD      crypto/built-in.o
  CC      kernel/trace/trace.o
  CC      kernel/module.o
  OBJCOPY arch/arm64/kernel/vdso32/vdso.so
  AS      arch/arm64/kernel/vdso32/vdso.o
  LD      arch/arm64/kernel/vdso32/built-in.o
  LD      arch/arm64/kernel/built-in.o
  HOSTCC  lib/gen_crc32table
  GEN     lib/crc32table.h
  CC      lib/crc32.o
  LD      kernel/trace/built-in.o
  GZIP    kernel/config_data.gz
  DTC     arch/arm64/boot/dts/qcom/msm8953-qrd-sku3-m1721.dtb
  CHK     kernel/config_data.h
  UPD     kernel/config_data.h
  CC      kernel/configs.o
  LD      lib/built-in.o
  LD      kernel/built-in.o
-- KernelSU version: 11563
-- KernelSU Manager signature size: 0x033b
-- KernelSU Manager signature hash: c371061b19d8c7d7d6133c6a9bafe198fa944e50c1b31c9d8daa8d7f1fc2d2d6
  CC      net/wireguard/src/main.o
  CC      net/wireguard/src/noise.o
  CC      net/wireguard/src/device.o
  CC      net/wireguard/src/peer.o
  CC      net/wireguard/src/timers.o
  CC      net/wireguard/src/queueing.o
  CC      net/wireguard/src/send.o
  CC      net/wireguard/src/receive.o
  CC      net/wireguard/src/socket.o
  CC      net/wireguard/src/peerlookup.o
  CC      net/wireguard/src/allowedips.o
  CC      net/wireguard/src/ratelimiter.o
  CC      net/wireguard/src/cookie.o
  CC      net/wireguard/src/netlink.o
  CC      net/wireguard/src/crypto/zinc/chacha20/chacha20.o
  CC      net/wireguard/src/crypto/zinc/poly1305/poly1305.o
  CC      net/wireguard/src/crypto/zinc/chacha20poly1305.o
  CC      net/wireguard/src/crypto/zinc/blake2s/blake2s.o
  CC      net/wireguard/src/crypto/zinc/curve25519/curve25519.o
  LD      drivers/built-in.o
  LD      net/wireguard/src/wireguard.o
  LD      net/wireguard/src/built-in.o
  LD      net/wireguard/built-in.o
  LD      net/built-in.o
  GEN     .version
  LD      vmlinux.o
  MODPOST vmlinux.o
WARNING: modpost: Found 2 section mismatch(es).
To see full details build your kernel with:
'make CONFIG_DEBUG_SECTION_MISMATCH=y'
  CHK     include/generated/compile.h
  UPD     include/generated/compile.h
  CC      init/version.o
  LD      init/built-in.o
  KSYM    .tmp_kallsyms1.o
  KSYM    .tmp_kallsyms2.o
  LD      vmlinux
  SORTEX  vmlinux
  SYSMAP  System.map
  OBJCOPY arch/arm64/boot/Image
  DTC     arch/arm64/boot/dts/qcom/msm8953-qrd-sku3-m1721.dtb
  Building modules, stage 2.
  MODPOST 0 modules
  GZIP    arch/arm64/boot/Image.gz
  CAT     arch/arm64/boot/Image.gz-dtb
make[1]: 离开目录“/root/K-Nel-M1721/out”
